{
  "RSpec": {
    "coverage": {
      "/Users/alessiobortone/Documents/GitHub/week_4_challenge/bookmark_manager/spec/features/feature_spec.rb": [
        1,
        null,
        null,
        1,
        1,
        2,
        2,
        2,
        null,
        1,
        1,
        1,
        1,
        null,
        1,
        1,
        null,
        null,
        1,
        1,
        1,
        null,
        null,
        null,
        null
      ],
      "/Users/alessiobortone/Documents/GitHub/week_4_challenge/bookmark_manager/spec/link_spec.rb": [
        1,
        1,
        null,
        1,
        1,
        1,
        null,
        null
      ]
    },
    "timestamp": 1503484680
  }
}
